<?xml version="1.0" encoding="UTF-8"?>
<!-- Generated by org.testng.reporters.JUnitXMLReporter -->
<testsuite ignored="0" hostname="Ban-1Skaliya-M.local" failures="2" tests="8" name="Test" time="1171.107" errors="0" timestamp="24 Apr 2018 05:19:13 GMT">
  <testcase classname="com.tivo.automation.cpi.BabelMapping" name="test" time="162.031"/>
  <testcase classname="com.tivo.automation.cpi.ContentAvailability" name="test" time="106.674">
    <failure type="org.json.JSONException" message="JSONObject[&amp;quot;ProgramQuality&amp;quot;] not found.">
      <![CDATA[org.json.JSONException: JSONObject["ProgramQuality"] not found.
	at org.json.JSONObject.get(JSONObject.java:520)
	at com.tivo.automation.jsonutil.JsonComparator.getJsonValues(JsonComparator.java:120)
	at com.tivo.automation.jsonutil.JsonComparator.compareJson(JsonComparator.java:67)
	at com.tivo.automation.cpi.ContentAvailability.test(ContentAvailability.java:103)
... Removed 25 stack frames]]>
    </failure>
  </testcase> <!-- test -->
  <testcase classname="com.tivo.automation.cpi.OtherLinks" name="test" time="450.192"/>
  <testcase classname="com.tivo.automation.cpi.Popularity" name="test" time="150.626"/>
  <testcase classname="com.tivo.automation.cpi.Release" name="test" time="120.568"/>
  <testcase classname="com.tivo.automation.cpi.RichMediaClips" name="test" time="31.93"/>
  <testcase classname="com.tivo.automation.cpi.RichMediaImage" name="test" time="142.604"/>
  <testcase classname="com.tivo.automation.cpi.UUIDTest" name="test" time="6.447">
    <failure type="java.sql.SQLException" message="Invalid object name &amp;apos;DigitalFirst_Replica..programs&amp;apos;.">
      <![CDATA[java.sql.SQLException: Invalid object name 'DigitalFirst_Replica..programs'.
	at net.sourceforge.jtds.jdbc.SQLDiagnostic.addDiagnostic(SQLDiagnostic.java:372)
	at net.sourceforge.jtds.jdbc.TdsCore.tdsErrorToken(TdsCore.java:2988)
	at net.sourceforge.jtds.jdbc.TdsCore.nextToken(TdsCore.java:2421)
	at net.sourceforge.jtds.jdbc.TdsCore.getMoreResults(TdsCore.java:671)
	at net.sourceforge.jtds.jdbc.JtdsStatement.executeSQLQuery(JtdsStatement.java:505)
	at net.sourceforge.jtds.jdbc.JtdsStatement.executeQuery(JtdsStatement.java:1427)
	at com.tivo.automation.dbutil.DBModule.runQuery(DBModule.java:52)
	at com.tivo.automation.cpi.UUIDTest.test(UUIDTest.java:56)
... Removed 25 stack frames]]>
    </failure>
  </testcase> <!-- test -->
</testsuite> <!-- Test -->
