<?xml version="1.0" encoding="UTF-8"?>
<testng-results ignored="0" total="1" passed="1" failed="0" skipped="0">
  <reporter-output>
  </reporter-output>
  <suite started-at="2018-04-25T08:47:17Z" name="Default suite" finished-at="2018-04-25T08:48:31Z" duration-ms="74368">
    <groups>
    </groups>
    <test started-at="2018-04-25T08:47:17Z" name="Default test" finished-at="2018-04-25T08:48:31Z" duration-ms="74368">
      <class name="com.tivo.automation.cpi.sync.WebVideoSocialAttributes">
        <test-method signature="test()[pri:0, instance:com.tivo.automation.cpi.sync.WebVideoSocialAttributes@52102734]" started-at="2018-04-25T14:17:17Z" name="test" finished-at="2018-04-25T14:18:31Z" duration-ms="74355" status="PASS">
          <reporter-output>
          </reporter-output>
        </test-method> <!-- test -->
      </class> <!-- com.tivo.automation.cpi.sync.WebVideoSocialAttributes -->
    </test> <!-- Default test -->
  </suite> <!-- Default suite -->
</testng-results>
